{
  "RSpec": {
    "coverage": {
      "/Users/bryce.simonds/Desktop/turing/3Module/projects/consultancy/DreamBook_FE/app/helpers/application_helper.rb": {
        "lines": [
          1,
          null
        ]
      },
      "/Users/bryce.simonds/Desktop/turing/3Module/projects/consultancy/DreamBook_FE/app/controllers/welcome_controller.rb": {
        "lines": [
          1,
          null,
          1,
          null,
          null
        ]
      },
      "/Users/bryce.simonds/Desktop/turing/3Module/projects/consultancy/DreamBook_FE/app/controllers/application_controller.rb": {
        "lines": [
          1,
          null,
          1,
          null,
          1,
          5,
          null,
          null
        ]
      },
      "/Users/bryce.simonds/Desktop/turing/3Module/projects/consultancy/DreamBook_FE/app/controllers/users_controller.rb": {
        "lines": [
          1,
          null,
          1,
          null,
          null,
          1,
          null,
          null,
          1,
          1,
          0,
          0,
          null,
          1,
          null,
          null,
          null,
          1,
          1,
          1,
          null,
          null,
          1,
          1,
          null,
          null,
          1,
          0,
          null,
          null
        ]
      },
      "/Users/bryce.simonds/Desktop/turing/3Module/projects/consultancy/DreamBook_FE/app/models/user.rb": {
        "lines": [
          1,
          1,
          1,
          null
        ]
      },
      "/Users/bryce.simonds/Desktop/turing/3Module/projects/consultancy/DreamBook_FE/app/models/application_record.rb": {
        "lines": [
          1,
          1,
          null
        ]
      },
      "/Users/bryce.simonds/Desktop/turing/3Module/projects/consultancy/DreamBook_FE/app/mailers/application_mailer.rb": {
        "lines": [
          0,
          0,
          0,
          0
        ],
        "branches": {
        }
      },
      "/Users/bryce.simonds/Desktop/turing/3Module/projects/consultancy/DreamBook_FE/app/jobs/application_job.rb": {
        "lines": [
          0,
          0
        ],
        "branches": {
        }
      },
      "/Users/bryce.simonds/Desktop/turing/3Module/projects/consultancy/DreamBook_FE/app/controllers/blogs_controller.rb": {
        "lines": [
          0,
          null,
          0,
          0,
          null,
          0,
          0,
          null,
          0,
          0,
          0
        ],
        "branches": {
        }
      },
      "/Users/bryce.simonds/Desktop/turing/3Module/projects/consultancy/DreamBook_FE/app/controllers/sessions_controller.rb": {
        "lines": [
          0,
          0,
          0,
          null,
          0,
          0,
          0,
          0,
          0
        ],
        "branches": {
        }
      },
      "/Users/bryce.simonds/Desktop/turing/3Module/projects/consultancy/DreamBook_FE/app/channels/application_cable/connection.rb": {
        "lines": [
          0,
          0,
          0,
          0
        ],
        "branches": {
        }
      },
      "/Users/bryce.simonds/Desktop/turing/3Module/projects/consultancy/DreamBook_FE/app/channels/application_cable/channel.rb": {
        "lines": [
          0,
          0,
          0,
          0
        ],
        "branches": {
        }
      }
    },
    "timestamp": 1663366508
  }
}
